%!Adobe-FontList 1.20
%Locale:0x409

%BeginFont
Handler:DirectoryHandler
FontType:Type1
FontName:HelveticaLTStd-Bold
FamilyName:Helvetica LT Std
StyleName:Bold
MenuName:Helvetica LT Std
StyleBits:2
WeightClass:700
WidthClass:5
AngleClass:0
FullName:Helvetica LT Std Bold
FamilyNameNative:
StyleNameNative:Bold
FullNameNative:
WritingScript:Cyrillic
OutlineFileName:/Volumes/Philadelphia/RestrictedClients/Merck Dificid/_Projects/102101771-11_Dificid_iPad_Resource/Design/Concepts_Comps/Dificid_eResource/Dificid_eResource_HANDOFF_6.28/Document fonts/HelveticaLTStd-Bold.otf
DataFormat:sfntData
UsesStandardEncoding:yes
isCFF:yes
hasSVG:no
VariableFontType:NonVariableFont
FileLength:45616
FileModTime:524154696
DesignSize:120
NameArray:0,Mac,4,Helvetica LT Std Bold
NameArray:0,Win,1,Helvetica LT Std
%EndFont

%BeginFont
Handler:DirectoryHandler
FontType:TrueType
FontName:HelveticaNeue
FamilyName:Helvetica Neue
StyleName:Regular
MenuName:Helvetica Neue
StyleBits:0
WeightClass:400
WidthClass:5
AngleClass:0
FullName:Helvetica Neue
WritingScript:Roman
OutlineFileName:/Volumes/Philadelphia/RestrictedClients/Merck Dificid/_Projects/102101771-11_Dificid_iPad_Resource/Design/Concepts_Comps/Dificid_eResource/Dificid_eResource_HANDOFF_6.28/Document fonts/HelveticaNeue.ttc
TTCOffset:80
DataFormat:sfntData
hasSVG:no
VariableFontType:NonVariableFont
FileLength:6625220
FileModTime:540695254
NameArray:0,Mac,4,Helvetica Neue
%EndFont

%BeginFont
Handler:DirectoryHandler
FontType:TrueType
FontName:HelveticaNeue-Bold
FamilyName:Helvetica Neue
StyleName:Bold
MenuName:Helvetica Neue
StyleBits:2
WeightClass:700
WidthClass:5
AngleClass:0
FullName:Helvetica Neue Bold
WritingScript:Roman
OutlineFileName:/Volumes/Philadelphia/RestrictedClients/Merck Dificid/_Projects/102101771-11_Dificid_iPad_Resource/Design/Concepts_Comps/Dificid_eResource/Dificid_eResource_HANDOFF_6.28/Document fonts/HelveticaNeue.ttc
TTCOffset:396
DataFormat:sfntData
hasSVG:no
VariableFontType:NonVariableFont
FileLength:6625220
FileModTime:540695254
NameArray:0,Mac,4,Helvetica Neue Bold
%EndFont

%BeginFont
Handler:DirectoryHandler
FontType:TrueType
FontName:HelveticaNeue-Italic
FamilyName:Helvetica Neue
StyleName:Italic
MenuName:Helvetica Neue
StyleBits:1
WeightClass:400
WidthClass:5
AngleClass:1
FullName:Helvetica Neue Italic
WritingScript:Roman
OutlineFileName:/Volumes/Philadelphia/RestrictedClients/Merck Dificid/_Projects/102101771-11_Dificid_iPad_Resource/Design/Concepts_Comps/Dificid_eResource/Dificid_eResource_HANDOFF_6.28/Document fonts/HelveticaNeue.ttc
TTCOffset:744
DataFormat:sfntData
hasSVG:no
VariableFontType:NonVariableFont
FileLength:6625220
FileModTime:540695254
NameArray:0,Mac,4,Helvetica Neue Italic
%EndFont

%BeginFont
Handler:DirectoryHandler
FontType:TrueType
FontName:HelveticaNeue-BoldItalic
FamilyName:Helvetica Neue
StyleName:Bold Italic
MenuName:Helvetica Neue
StyleBits:3
WeightClass:700
WidthClass:5
AngleClass:1
FullName:Helvetica Neue Bold Italic
WritingScript:Roman
OutlineFileName:/Volumes/Philadelphia/RestrictedClients/Merck Dificid/_Projects/102101771-11_Dificid_iPad_Resource/Design/Concepts_Comps/Dificid_eResource/Dificid_eResource_HANDOFF_6.28/Document fonts/HelveticaNeue.ttc
TTCOffset:1108
DataFormat:sfntData
hasSVG:no
VariableFontType:NonVariableFont
FileLength:6625220
FileModTime:540695254
NameArray:0,Mac,4,Helvetica Neue Bold Italic
%EndFont

%BeginFont
Handler:DirectoryHandler
FontType:TrueType
FontName:HelveticaNeue-CondensedBold
FamilyName:Helvetica Neue
StyleName:Condensed Bold
MenuName:Helvetica Neue
StyleBits:2
WeightClass:700
WidthClass:3
AngleClass:0
FullName:Helvetica Neue Condensed Bold
WritingScript:Roman
OutlineFileName:/Volumes/Philadelphia/RestrictedClients/Merck Dificid/_Projects/102101771-11_Dificid_iPad_Resource/Design/Concepts_Comps/Dificid_eResource/Dificid_eResource_HANDOFF_6.28/Document fonts/HelveticaNeue.ttc
TTCOffset:1472
DataFormat:sfntData
hasSVG:no
VariableFontType:NonVariableFont
FileLength:6625220
FileModTime:540695254
NameArray:0,Mac,4,Helvetica Neue Condensed Bold
%EndFont

%BeginFont
Handler:DirectoryHandler
FontType:TrueType
FontName:HelveticaNeue-UltraLight
FamilyName:Helvetica Neue
StyleName:UltraLight
MenuName:Helvetica Neue
StyleBits:0
WeightClass:100
WidthClass:5
AngleClass:0
FullName:Helvetica Neue UltraLight
WritingScript:Roman
OutlineFileName:/Volumes/Philadelphia/RestrictedClients/Merck Dificid/_Projects/102101771-11_Dificid_iPad_Resource/Design/Concepts_Comps/Dificid_eResource/Dificid_eResource_HANDOFF_6.28/Document fonts/HelveticaNeue.ttc
TTCOffset:1836
DataFormat:sfntData
hasSVG:no
VariableFontType:NonVariableFont
FileLength:6625220
FileModTime:540695254
NameArray:0,Mac,4,Helvetica Neue UltraLight
%EndFont

%BeginFont
Handler:DirectoryHandler
FontType:TrueType
FontName:HelveticaNeue-UltraLightItalic
FamilyName:Helvetica Neue
StyleName:UltraLight Italic
MenuName:Helvetica Neue
StyleBits:1
WeightClass:100
WidthClass:5
AngleClass:1
FullName:Helvetica Neue UltraLight Italic
WritingScript:Roman
OutlineFileName:/Volumes/Philadelphia/RestrictedClients/Merck Dificid/_Projects/102101771-11_Dificid_iPad_Resource/Design/Concepts_Comps/Dificid_eResource/Dificid_eResource_HANDOFF_6.28/Document fonts/HelveticaNeue.ttc
TTCOffset:2168
DataFormat:sfntData
hasSVG:no
VariableFontType:NonVariableFont
FileLength:6625220
FileModTime:540695254
NameArray:0,Mac,4,Helvetica Neue UltraLight Italic
%EndFont

%BeginFont
Handler:DirectoryHandler
FontType:TrueType
FontName:HelveticaNeue-Light
FamilyName:Helvetica Neue
StyleName:Light
MenuName:Helvetica Neue
StyleBits:0
WeightClass:300
WidthClass:5
AngleClass:0
FullName:Helvetica Neue Light
WritingScript:Roman
OutlineFileName:/Volumes/Philadelphia/RestrictedClients/Merck Dificid/_Projects/102101771-11_Dificid_iPad_Resource/Design/Concepts_Comps/Dificid_eResource/Dificid_eResource_HANDOFF_6.28/Document fonts/HelveticaNeue.ttc
TTCOffset:2532
DataFormat:sfntData
hasSVG:no
VariableFontType:NonVariableFont
FileLength:6625220
FileModTime:540695254
NameArray:0,Mac,4,Helvetica Neue Light
%EndFont

%BeginFont
Handler:DirectoryHandler
FontType:TrueType
FontName:HelveticaNeue-LightItalic
FamilyName:Helvetica Neue
StyleName:Light Italic
MenuName:Helvetica Neue
StyleBits:1
WeightClass:300
WidthClass:5
AngleClass:1
FullName:Helvetica Neue Light Italic
WritingScript:Roman
OutlineFileName:/Volumes/Philadelphia/RestrictedClients/Merck Dificid/_Projects/102101771-11_Dificid_iPad_Resource/Design/Concepts_Comps/Dificid_eResource/Dificid_eResource_HANDOFF_6.28/Document fonts/HelveticaNeue.ttc
TTCOffset:2880
DataFormat:sfntData
hasSVG:no
VariableFontType:NonVariableFont
FileLength:6625220
FileModTime:540695254
NameArray:0,Mac,4,Helvetica Neue Light Italic
%EndFont

%BeginFont
Handler:DirectoryHandler
FontType:TrueType
FontName:HelveticaNeue-CondensedBlack
FamilyName:Helvetica Neue
StyleName:Condensed Black
MenuName:Helvetica Neue
StyleBits:2
WeightClass:900
WidthClass:3
AngleClass:0
FullName:Helvetica Neue Condensed Black
WritingScript:Roman
OutlineFileName:/Volumes/Philadelphia/RestrictedClients/Merck Dificid/_Projects/102101771-11_Dificid_iPad_Resource/Design/Concepts_Comps/Dificid_eResource/Dificid_eResource_HANDOFF_6.28/Document fonts/HelveticaNeue.ttc
TTCOffset:3228
DataFormat:sfntData
hasSVG:no
VariableFontType:NonVariableFont
FileLength:6625220
FileModTime:540695254
NameArray:0,Mac,4,Helvetica Neue Condensed Black
%EndFont

%BeginFont
Handler:DirectoryHandler
FontType:TrueType
FontName:HelveticaNeue-Medium
FamilyName:Helvetica Neue
StyleName:Medium
MenuName:Helvetica Neue
StyleBits:0
WeightClass:500
WidthClass:5
AngleClass:0
FullName:Helvetica Neue Medium
WritingScript:Roman
OutlineFileName:/Volumes/Philadelphia/RestrictedClients/Merck Dificid/_Projects/102101771-11_Dificid_iPad_Resource/Design/Concepts_Comps/Dificid_eResource/Dificid_eResource_HANDOFF_6.28/Document fonts/HelveticaNeue.ttc
TTCOffset:3592
DataFormat:sfntData
hasSVG:no
VariableFontType:NonVariableFont
FileLength:6625220
FileModTime:540695254
NameArray:0,Mac,4,Helvetica Neue Medium
%EndFont

%BeginFont
Handler:DirectoryHandler
FontType:TrueType
FontName:HelveticaNeue-MediumItalic
FamilyName:Helvetica Neue
StyleName:Medium Italic
MenuName:Helvetica Neue
StyleBits:0
WeightClass:500
WidthClass:5
AngleClass:0
FullName:Helvetica Neue Medium Italic
WritingScript:Roman
OutlineFileName:/Volumes/Philadelphia/RestrictedClients/Merck Dificid/_Projects/102101771-11_Dificid_iPad_Resource/Design/Concepts_Comps/Dificid_eResource/Dificid_eResource_HANDOFF_6.28/Document fonts/HelveticaNeue.ttc
TTCOffset:3940
DataFormat:sfntData
hasSVG:no
VariableFontType:NonVariableFont
FileLength:6625220
FileModTime:540695254
NameArray:0,Mac,4,Helvetica Neue Medium Italic
%EndFont

%BeginFont
Handler:DirectoryHandler
FontType:TrueType
FontName:HelveticaNeue-Thin
FamilyName:Helvetica Neue
StyleName:Thin
MenuName:Helvetica Neue
StyleBits:0
WeightClass:200
WidthClass:5
AngleClass:0
FullName:Helvetica Neue Thin
WritingScript:Roman
OutlineFileName:/Volumes/Philadelphia/RestrictedClients/Merck Dificid/_Projects/102101771-11_Dificid_iPad_Resource/Design/Concepts_Comps/Dificid_eResource/Dificid_eResource_HANDOFF_6.28/Document fonts/HelveticaNeue.ttc
TTCOffset:4208
DataFormat:sfntData
hasSVG:no
VariableFontType:NonVariableFont
FileLength:6625220
FileModTime:540695254
NameArray:0,Mac,4,Helvetica Neue Thin
NameArray:0,Win,1,Helvetica Neue
%EndFont

%BeginFont
Handler:DirectoryHandler
FontType:TrueType
FontName:HelveticaNeue-ThinItalic
FamilyName:Helvetica Neue
StyleName:Thin Italic
MenuName:Helvetica Neue
StyleBits:0
WeightClass:200
WidthClass:5
AngleClass:0
FullName:Helvetica Neue Thin Italic
WritingScript:Roman
OutlineFileName:/Volumes/Philadelphia/RestrictedClients/Merck Dificid/_Projects/102101771-11_Dificid_iPad_Resource/Design/Concepts_Comps/Dificid_eResource/Dificid_eResource_HANDOFF_6.28/Document fonts/HelveticaNeue.ttc
TTCOffset:4540
DataFormat:sfntData
hasSVG:no
VariableFontType:NonVariableFont
FileLength:6625220
FileModTime:540695254
NameArray:0,Mac,4,Helvetica Neue Thin Italic
NameArray:0,Win,1,Helvetica Neue
%EndFont

%BeginFont
Handler:DirectoryHandler
FontType:Type1
FontName:HelveticaNeueLTStd-Bd
FamilyName:Helvetica Neue LT Std
StyleName:75 Bold
MenuName:HelveticaNeueLT Std
StyleBits:2
WeightClass:700
WidthClass:5
AngleClass:0
FullName:Helvetica Neue LT Std 75 Bold
WritingScript:Roman
OutlineFileName:/Volumes/Philadelphia/RestrictedClients/Merck Dificid/_Projects/102101771-11_Dificid_iPad_Resource/Design/Concepts_Comps/Dificid_eResource/Dificid_eResource_HANDOFF_6.28/Document fonts/HelveticaNeueLTStd-Bd.otf
DataFormat:sfntData
UsesStandardEncoding:yes
isCFF:yes
hasSVG:no
VariableFontType:NonVariableFont
FileLength:29108
FileModTime:522856372
DesignSize:120
NameArray:0,Mac,18,HelveticaNeueLT Std Bold
NameArray:0,Mac,4,Helvetica Neue LT Std 75 Bold
NameArray:0,Win,1,HelveticaNeueLT Std
NameArray:0,Win,16,Helvetica Neue LT Std
%EndFont

%BeginFont
Handler:DirectoryHandler
FontType:Type1
FontName:HelveticaNeueLTStd-BdCn
FamilyName:Helvetica Neue LT Std
StyleName:77 Bold Condensed
MenuName:HelveticaNeueLT Std Cn
StyleBits:2
WeightClass:700
WidthClass:3
AngleClass:0
FullName:Helvetica Neue LT Std 77 Bold Condensed
WritingScript:Roman
OutlineFileName:/Volumes/Philadelphia/RestrictedClients/Merck Dificid/_Projects/102101771-11_Dificid_iPad_Resource/Design/Concepts_Comps/Dificid_eResource/Dificid_eResource_HANDOFF_6.28/Document fonts/HelveticaNeueLTStd-BdCn.otf
DataFormat:sfntData
UsesStandardEncoding:yes
isCFF:yes
hasSVG:no
VariableFontType:NonVariableFont
FileLength:30148
FileModTime:540139176
DesignSize:120
NameArray:0,Mac,18,HelveticaNeueLT Std Bold Cn
NameArray:0,Mac,4,Helvetica Neue LT Std 77 Bold Condensed
NameArray:0,Win,1,HelveticaNeueLT Std Cn
NameArray:0,Win,16,Helvetica Neue LT Std
%EndFont

%BeginFont
Handler:DirectoryHandler
FontType:Type1
FontName:HelveticaNeueLTStd-BdCnO
FamilyName:Helvetica Neue LT Std
StyleName:77 Bold Condensed Oblique
MenuName:HelveticaNeueLT Std Cn
StyleBits:3
WeightClass:700
WidthClass:3
AngleClass:1
FullName:Helvetica Neue LT Std 77 Bold Condensed Oblique
WritingScript:Roman
OutlineFileName:/Volumes/Philadelphia/RestrictedClients/Merck Dificid/_Projects/102101771-11_Dificid_iPad_Resource/Design/Concepts_Comps/Dificid_eResource/Dificid_eResource_HANDOFF_6.28/Document fonts/HelveticaNeueLTStd-BdCnO.otf
DataFormat:sfntData
UsesStandardEncoding:yes
isCFF:yes
hasSVG:no
VariableFontType:NonVariableFont
FileLength:31300
FileModTime:524154700
DesignSize:120
NameArray:0,Mac,18,HelveticaNeueLT Std Bold Cn Ob
NameArray:0,Mac,4,Helvetica Neue LT Std 77 Bold Condensed Oblique
NameArray:0,Win,1,HelveticaNeueLT Std Cn
NameArray:0,Win,16,Helvetica Neue LT Std
%EndFont

%BeginFont
Handler:DirectoryHandler
FontType:Type1
FontName:HelveticaNeueLTStd-BdIt
FamilyName:Helvetica Neue LT Std
StyleName:76 Bold Italic
MenuName:HelveticaNeueLT Std
StyleBits:3
WeightClass:700
WidthClass:5
AngleClass:1
FullName:Helvetica Neue LT Std 76 Bold Italic
WritingScript:Roman
OutlineFileName:/Volumes/Philadelphia/RestrictedClients/Merck Dificid/_Projects/102101771-11_Dificid_iPad_Resource/Design/Concepts_Comps/Dificid_eResource/Dificid_eResource_HANDOFF_6.28/Document fonts/HelveticaNeueLTStd-BdIt.otf
DataFormat:sfntData
UsesStandardEncoding:yes
isCFF:yes
hasSVG:no
VariableFontType:NonVariableFont
FileLength:29584
FileModTime:545233105
DesignSize:120
NameArray:0,Mac,18,HelveticaNeueLT Std Bold Ital
NameArray:0,Mac,4,Helvetica Neue LT Std 76 Bold Italic
NameArray:0,Win,1,HelveticaNeueLT Std
NameArray:0,Win,16,Helvetica Neue LT Std
%EndFont

%BeginFont
Handler:DirectoryHandler
FontType:Type1
FontName:HelveticaNeueLTStd-HvCn
FamilyName:Helvetica Neue LT Std
StyleName:87 Heavy Condensed
MenuName:HelveticaNeueLT Std Med Cn
StyleBits:2
WeightClass:750
WidthClass:3
AngleClass:0
FullName:Helvetica Neue LT Std 87 Heavy Condensed
WritingScript:Roman
OutlineFileName:/Volumes/Philadelphia/RestrictedClients/Merck Dificid/_Projects/102101771-11_Dificid_iPad_Resource/Design/Concepts_Comps/Dificid_eResource/Dificid_eResource_HANDOFF_6.28/Document fonts/HelveticaNeueLTStd-HvCn.otf
DataFormat:sfntData
UsesStandardEncoding:yes
isCFF:yes
hasSVG:no
VariableFontType:NonVariableFont
FileLength:31328
FileModTime:522856376
DesignSize:120
NameArray:0,Mac,18,HelveticaNeueLT Std Hvy Cn
NameArray:0,Mac,4,Helvetica Neue LT Std 87 Heavy Condensed
NameArray:0,Win,1,HelveticaNeueLT Std Med Cn
NameArray:0,Win,16,Helvetica Neue LT Std
%EndFont

%BeginFont
Handler:DirectoryHandler
FontType:Type1
FontName:HelveticaNeueLTStd-It
FamilyName:Helvetica Neue LT Std
StyleName:56 Italic
MenuName:HelveticaNeueLT Std
StyleBits:1
WeightClass:400
WidthClass:5
AngleClass:1
FullName:Helvetica Neue LT Std 56 Italic
WritingScript:Roman
OutlineFileName:/Volumes/Philadelphia/RestrictedClients/Merck Dificid/_Projects/102101771-11_Dificid_iPad_Resource/Design/Concepts_Comps/Dificid_eResource/Dificid_eResource_HANDOFF_6.28/Document fonts/HelveticaNeueLTStd-It.otf
DataFormat:sfntData
UsesStandardEncoding:yes
isCFF:yes
hasSVG:no
VariableFontType:NonVariableFont
FileLength:29260
FileModTime:522856405
DesignSize:120
NameArray:0,Mac,18,HelveticaNeueLT Std Ital
NameArray:0,Mac,4,Helvetica Neue LT Std 56 Italic
NameArray:0,Win,1,HelveticaNeueLT Std
NameArray:0,Win,16,Helvetica Neue LT Std
%EndFont

%BeginFont
Handler:DirectoryHandler
FontType:Type1
FontName:HelveticaNeueLTStd-Lt
FamilyName:Helvetica Neue LT Std
StyleName:45 Light
MenuName:HelveticaNeueLT Std Lt
StyleBits:0
WeightClass:300
WidthClass:5
AngleClass:0
FullName:Helvetica Neue LT Std 45 Light
WritingScript:Roman
OutlineFileName:/Volumes/Philadelphia/RestrictedClients/Merck Dificid/_Projects/102101771-11_Dificid_iPad_Resource/Design/Concepts_Comps/Dificid_eResource/Dificid_eResource_HANDOFF_6.28/Document fonts/HelveticaNeueLTStd-Lt.otf
DataFormat:sfntData
UsesStandardEncoding:yes
isCFF:yes
hasSVG:no
VariableFontType:NonVariableFont
FileLength:28980
FileModTime:549470607
DesignSize:120
NameArray:0,Mac,18,HelveticaNeueLT Std Lt
NameArray:0,Mac,4,Helvetica Neue LT Std 45 Light
NameArray:0,Win,1,HelveticaNeueLT Std Lt
NameArray:0,Win,16,Helvetica Neue LT Std
%EndFont

%BeginFont
Handler:DirectoryHandler
FontType:Type1
FontName:HelveticaNeueLTStd-LtIt
FamilyName:Helvetica Neue LT Std
StyleName:46 Light Italic
MenuName:HelveticaNeueLT Std Lt
StyleBits:1
WeightClass:300
WidthClass:5
AngleClass:1
FullName:Helvetica Neue LT Std 46 Light Italic
WritingScript:Roman
OutlineFileName:/Volumes/Philadelphia/RestrictedClients/Merck Dificid/_Projects/102101771-11_Dificid_iPad_Resource/Design/Concepts_Comps/Dificid_eResource/Dificid_eResource_HANDOFF_6.28/Document fonts/HelveticaNeueLTStd-LtIt.otf
DataFormat:sfntData
UsesStandardEncoding:yes
isCFF:yes
hasSVG:no
VariableFontType:NonVariableFont
FileLength:29484
FileModTime:545233103
DesignSize:120
NameArray:0,Mac,18,HelveticaNeueLT Std Lt Ital
NameArray:0,Mac,4,Helvetica Neue LT Std 46 Light Italic
NameArray:0,Win,1,HelveticaNeueLT Std Lt
NameArray:0,Win,16,Helvetica Neue LT Std
%EndFont

%BeginFont
Handler:DirectoryHandler
FontType:Type1
FontName:HelveticaNeueLTStd-MdCn
FamilyName:Helvetica Neue LT Std
StyleName:67 Medium Condensed
MenuName:HelveticaNeueLT Std Med Cn
StyleBits:0
WeightClass:500
WidthClass:3
AngleClass:0
FullName:Helvetica Neue LT Std 67 Medium Condensed
WritingScript:Roman
OutlineFileName:/Volumes/Philadelphia/RestrictedClients/Merck Dificid/_Projects/102101771-11_Dificid_iPad_Resource/Design/Concepts_Comps/Dificid_eResource/Dificid_eResource_HANDOFF_6.28/Document fonts/HelveticaNeueLTStd-MdCn.otf
DataFormat:sfntData
UsesStandardEncoding:yes
isCFF:yes
hasSVG:no
VariableFontType:NonVariableFont
FileLength:31244
FileModTime:522856398
DesignSize:120
NameArray:0,Mac,18,HelveticaNeueLT Std Med Cn
NameArray:0,Mac,4,Helvetica Neue LT Std 67 Medium Condensed
NameArray:0,Win,1,HelveticaNeueLT Std Med Cn
NameArray:0,Win,16,Helvetica Neue LT Std
%EndFont

%BeginFont
Handler:DirectoryHandler
FontType:Type1
FontName:HelveticaNeueLTStd-MdIt
FamilyName:Helvetica Neue LT Std
StyleName:66 Medium Italic
MenuName:HelveticaNeueLT Std Med
StyleBits:1
WeightClass:500
WidthClass:5
AngleClass:1
FullName:Helvetica Neue LT Std 66 Medium Italic
WritingScript:Roman
OutlineFileName:/Volumes/Philadelphia/RestrictedClients/Merck Dificid/_Projects/102101771-11_Dificid_iPad_Resource/Design/Concepts_Comps/Dificid_eResource/Dificid_eResource_HANDOFF_6.28/Document fonts/HelveticaNeueLTStd-MdIt.otf
DataFormat:sfntData
UsesStandardEncoding:yes
isCFF:yes
hasSVG:no
VariableFontType:NonVariableFont
FileLength:29636
FileModTime:522856404
DesignSize:120
NameArray:0,Mac,18,HelveticaNeueLT Std Med Ital
NameArray:0,Mac,4,Helvetica Neue LT Std 66 Medium Italic
NameArray:0,Win,1,HelveticaNeueLT Std Med
NameArray:0,Win,16,Helvetica Neue LT Std
%EndFont

%BeginFont
Handler:DirectoryHandler
FontType:Type1
FontName:HelveticaNeueLTStd-Roman
FamilyName:Helvetica Neue LT Std
StyleName:55 Roman
MenuName:HelveticaNeueLT Std
StyleBits:0
WeightClass:400
WidthClass:5
AngleClass:0
FullName:Helvetica Neue LT Std 55 Roman
WritingScript:Roman
OutlineFileName:/Volumes/Philadelphia/RestrictedClients/Merck Dificid/_Projects/102101771-11_Dificid_iPad_Resource/Design/Concepts_Comps/Dificid_eResource/Dificid_eResource_HANDOFF_6.28/Document fonts/HelveticaNeueLTStd-Roman.otf
DataFormat:sfntData
UsesStandardEncoding:yes
isCFF:yes
hasSVG:no
VariableFontType:NonVariableFont
FileLength:29044
FileModTime:522856408
DesignSize:120
NameArray:0,Mac,18,HelveticaNeueLT Std
NameArray:0,Mac,4,Helvetica Neue LT Std 55 Roman
NameArray:0,Win,1,HelveticaNeueLT Std
NameArray:0,Win,16,Helvetica Neue LT Std
%EndFont

